[16:00:25] [[32m INFO[39m] - Connected to Database.

[16:00:25] [[32m INFO[39m] - *** Welcome to MyBlog ***

[16:01:06] [[32m INFO[39m] - Connected to Database.

[16:01:06] [[32m INFO[39m] - *** Welcome to MyBlog ***

[16:01:09] [[32m INFO[39m] - Connected to Database.

[16:01:10] [[32m INFO[39m] - *** Welcome to MyBlog ***

[16:02:02] [[32m INFO[39m] - Connected to Database.

[16:02:02] [[32m INFO[39m] - *** Welcome to MyBlog ***

[16:02:06] [[32m INFO[39m] - Connected to Database.

[16:02:06] [[32m INFO[39m] - *** Welcome to MyBlog ***

[16:03:12] [[32m INFO[39m] - Connected to Database.

[16:03:12] [[32m INFO[39m] - *** Welcome to MyBlog ***

[16:03:16] [[32m INFO[39m] - Connected to Database.

[16:03:16] [[32m INFO[39m] - *** Welcome to MyBlog ***

[16:03:40] [[32m INFO[39m] - Connected to Database.

[16:03:40] [[32m INFO[39m] - *** Welcome to MyBlog ***

[16:03:57] [[32m INFO[39m] - Connected to Database.

[16:03:57] [[32m INFO[39m] - *** Welcome to MyBlog ***

[16:04:04] [[32m INFO[39m] - Connected to Database.

[16:04:04] [[32m INFO[39m] - *** Welcome to MyBlog ***

[16:13:20] [[32m INFO[39m] - Connected to Database.

[16:13:20] [[32m INFO[39m] - *** Welcome to MyBlog ***

[16:15:37] [[32m INFO[39m] - Connected to Database.

[16:15:37] [[32m INFO[39m] - *** Welcome to MyBlog ***

[16:16:26] [[32m INFO[39m] - Connected to Database.

[16:16:26] [[32m INFO[39m] - *** Welcome to MyBlog ***

[16:21:34] [[32m INFO[39m] - Connected to Database.

[16:21:34] [[32m INFO[39m] - *** Welcome to MyBlog ***

[16:23:59] [[32m INFO[39m] - Connected to Database.

[16:23:59] [[32m INFO[39m] - *** Welcome to MyBlog ***

[16:41:49] [[32m INFO[39m] - Connected to Database.

[16:41:49] [[32m INFO[39m] - *** Welcome to MyBlog ***

[16:54:30] [[32m INFO[39m] - Connected to Database.

[16:54:30] [[32m INFO[39m] - *** Welcome to MyBlog ***

[16:54:36] [[32m INFO[39m] - Connected to Database.

[16:54:36] [[32m INFO[39m] - *** Welcome to MyBlog ***

[16:55:20] [[32m INFO[39m] - Connected to Database.

[16:55:20] [[32m INFO[39m] - *** Welcome to MyBlog ***

[16:57:46] [[32m INFO[39m] - Connected to Database.

[16:57:46] [[32m INFO[39m] - *** Welcome to MyBlog ***

[17:00:18] [[32m INFO[39m] - Connected to Database.

[17:00:18] [[32m INFO[39m] - *** Welcome to MyBlog ***

[17:33:04] [[32m INFO[39m] - Connected to Database.

[17:33:04] [[32m INFO[39m] - *** Welcome to MyBlog ***

[17:33:27] [[32m INFO[39m] - Connected to Database.

[17:33:27] [[32m INFO[39m] - *** Welcome to MyBlog ***

[17:33:40] [[32m INFO[39m] - Connected to Database.

[17:33:40] [[32m INFO[39m] - *** Welcome to MyBlog ***

[17:34:12] [[32m INFO[39m] - Connected to Database.

[17:34:12] [[32m INFO[39m] - *** Welcome to MyBlog ***

[17:35:13] [[32m INFO[39m] - Connected to Database.

[17:35:13] [[32m INFO[39m] - *** Welcome to MyBlog ***

[17:35:46] [[32m INFO[39m] - Connected to Database.

[17:35:46] [[32m INFO[39m] - *** Welcome to MyBlog ***

[17:35:53] [[32m INFO[39m] - Connected to Database.

[17:35:53] [[32m INFO[39m] - *** Welcome to MyBlog ***

[17:51:05] [[32m INFO[39m] - Connected to Database.

[17:51:05] [[32m INFO[39m] - *** Welcome to MyBlog ***

[18:00:25] [[32m INFO[39m] - Connected to Database.

[18:00:25] [[32m INFO[39m] - *** Welcome to MyBlog ***

[18:01:41] [[32m INFO[39m] - Connected to Database.

[18:01:41] [[32m INFO[39m] - *** Welcome to MyBlog ***

[18:04:44] [[32m INFO[39m] - Connected to Database.

[18:04:44] [[32m INFO[39m] - *** Welcome to MyBlog ***

[18:06:32] [[32m INFO[39m] - Connected to Database.

[18:06:32] [[32m INFO[39m] - *** Welcome to MyBlog ***

[18:11:32] [[32m INFO[39m] - Connected to Database.

[18:11:32] [[32m INFO[39m] - *** Welcome to MyBlog ***

[18:12:04] [[32m INFO[39m] - Connected to Database.

[18:12:04] [[32m INFO[39m] - *** Welcome to MyBlog ***

[18:14:12] [[32m INFO[39m] - Connected to Database.

[18:14:12] [[32m INFO[39m] - *** Welcome to MyBlog ***

[18:18:29] [[32m INFO[39m] - Connected to Database.

[18:18:29] [[32m INFO[39m] - *** Welcome to MyBlog ***

[18:20:46] [[32m INFO[39m] - Connected to Database.

[18:20:46] [[32m INFO[39m] - *** Welcome to MyBlog ***

[18:33:39] [[32m INFO[39m] - Connected to Database.

[18:33:39] [[32m INFO[39m] - *** Welcome to MyBlog ***

[18:35:30] [[32m INFO[39m] - Connected to Database.

[18:35:30] [[32m INFO[39m] - *** Welcome to MyBlog ***

[18:36:43] [[32m INFO[39m] - Connected to Database.

[18:36:43] [[32m INFO[39m] - *** Welcome to MyBlog ***

[18:36:44] [[32m INFO[39m] - Connected to Database.

[18:36:44] [[32m INFO[39m] - *** Welcome to MyBlog ***

[18:39:15] [[32m INFO[39m] - Connected to Database.

[18:39:15] [[32m INFO[39m] - *** Welcome to MyBlog ***

[18:39:26] [[32m INFO[39m] - Connected to Database.

[18:39:26] [[32m INFO[39m] - *** Welcome to MyBlog ***

[18:50:57] [[32m INFO[39m] - Connected to Database.

[18:50:57] [[32m INFO[39m] - *** Welcome to MyBlog ***

[18:51:05] [[32m INFO[39m] - Connected to Database.

[18:51:05] [[32m INFO[39m] - *** Welcome to MyBlog ***

[18:54:07] [[32m INFO[39m] - Connected to Database.

[18:54:07] [[32m INFO[39m] - *** Welcome to MyBlog ***

[18:58:40] [[32m INFO[39m] - Connected to Database.

[18:58:40] [[32m INFO[39m] - *** Welcome to MyBlog ***

[19:01:21] [[32m INFO[39m] - Connected to Database.

[19:01:21] [[32m INFO[39m] - *** Welcome to MyBlog ***

[19:01:27] [[32m INFO[39m] - Connected to Database.

[19:01:27] [[32m INFO[39m] - *** Welcome to MyBlog ***

[19:03:41] [[32m INFO[39m] - Connected to Database.

[19:03:41] [[32m INFO[39m] - *** Welcome to MyBlog ***

[19:03:46] [[32m INFO[39m] - Connected to Database.

[19:03:46] [[32m INFO[39m] - *** Welcome to MyBlog ***

[19:04:09] [[32m INFO[39m] - Connected to Database.

[19:04:09] [[32m INFO[39m] - *** Welcome to MyBlog ***

[19:05:44] [[32m INFO[39m] - Connected to Database.

[19:05:44] [[32m INFO[39m] - *** Welcome to MyBlog ***

[19:08:48] [[32m INFO[39m] - Connected to Database.

[19:08:48] [[32m INFO[39m] - *** Welcome to MyBlog ***

[19:09:51] [[32m INFO[39m] - Connected to Database.

[19:09:51] [[32m INFO[39m] - *** Welcome to MyBlog ***

[19:10:08] [[32m INFO[39m] - Connected to Database.

[19:10:08] [[32m INFO[39m] - *** Welcome to MyBlog ***

[19:11:06] [[32m INFO[39m] - Connected to Database.

[19:11:06] [[32m INFO[39m] - *** Welcome to MyBlog ***

[19:11:40] [[32m INFO[39m] - Connected to Database.

[19:11:40] [[32m INFO[39m] - *** Welcome to MyBlog ***

[19:12:00] [[32m INFO[39m] - Connected to Database.

[19:12:00] [[32m INFO[39m] - *** Welcome to MyBlog ***

[19:12:07] [[32m INFO[39m] - Connected to Database.

[19:12:07] [[32m INFO[39m] - *** Welcome to MyBlog ***

[19:12:15] [[32m INFO[39m] - Connected to Database.

[19:12:15] [[32m INFO[39m] - *** Welcome to MyBlog ***

[20:41:21] [[32m INFO[39m] - Connected to Database.

[20:41:21] [[32m INFO[39m] - *** Welcome to MyBlog ***

[20:41:41] [[32m INFO[39m] - Connected to Database.

[20:41:41] [[32m INFO[39m] - *** Welcome to MyBlog ***

[20:42:07] [[32m INFO[39m] - Connected to Database.

[20:42:07] [[32m INFO[39m] - *** Welcome to MyBlog ***

[20:42:51] [[32m INFO[39m] - Connected to Database.

[20:42:51] [[32m INFO[39m] - *** Welcome to MyBlog ***

[20:47:20] [[32m INFO[39m] - Connected to Database.

[20:47:20] [[32m INFO[39m] - *** Welcome to MyBlog ***

[20:48:18] [[32m INFO[39m] - Connected to Database.

[20:48:18] [[32m INFO[39m] - *** Welcome to MyBlog ***

[20:49:15] [[32m INFO[39m] - Connected to Database.

[20:49:15] [[32m INFO[39m] - *** Welcome to MyBlog ***

[20:49:20] [[32m INFO[39m] - Connected to Database.

[20:49:20] [[32m INFO[39m] - *** Welcome to MyBlog ***

[20:49:27] [[32m INFO[39m] - Connected to Database.

[20:49:27] [[32m INFO[39m] - *** Welcome to MyBlog ***

[20:51:50] [[32m INFO[39m] - Connected to Database.

[20:51:50] [[32m INFO[39m] - *** Welcome to MyBlog ***

[20:53:31] [[32m INFO[39m] - Connected to Database.

[20:53:31] [[32m INFO[39m] - *** Welcome to MyBlog ***

[22:47:23] [[31mERROR[39m] - { Error: connect ECONNREFUSED 127.0.0.1:27017
    at Object.exports._errnoException (util.js:1036:11)
    at exports._exceptionWithHostPort (util.js:1059:20)
    at TCPConnectWrap.afterConnect [as oncomplete] (net.js:1080:14)
  name: 'MongoError',
  message: 'connect ECONNREFUSED 127.0.0.1:27017' }

[22:47:45] [[31mERROR[39m] - { Error: connect ECONNREFUSED 127.0.0.1:27017
    at Object.exports._errnoException (util.js:1036:11)
    at exports._exceptionWithHostPort (util.js:1059:20)
    at TCPConnectWrap.afterConnect [as oncomplete] (net.js:1080:14)
  name: 'MongoError',
  message: 'connect ECONNREFUSED 127.0.0.1:27017' }

[22:47:51] [[31mERROR[39m] - { Error: connect ECONNREFUSED 127.0.0.1:27017
    at Object.exports._errnoException (util.js:1036:11)
    at exports._exceptionWithHostPort (util.js:1059:20)
    at TCPConnectWrap.afterConnect [as oncomplete] (net.js:1080:14)
  name: 'MongoError',
  message: 'connect ECONNREFUSED 127.0.0.1:27017' }

