0 info it worked if it ends with ok
1 verbose cli [ '/usr/local/bin/node', '/usr/local/bin/npm', 'run', 'lite' ]
2 info using npm@3.10.3
3 info using node@v6.6.0
4 verbose run-script [ 'prelite', 'lite', 'postlite' ]
5 info lifecycle myblog@0.0.1~prelite: myblog@0.0.1
6 silly lifecycle myblog@0.0.1~prelite: no script for prelite, continuing
7 info lifecycle myblog@0.0.1~lite: myblog@0.0.1
8 verbose lifecycle myblog@0.0.1~lite: unsafe-perm in lifecycle true
9 verbose lifecycle myblog@0.0.1~lite: PATH: /usr/local/lib/node_modules/npm/bin/node-gyp-bin:/Users/jyotirmaysenapati/POCs/myblog/UI/node_modules/.bin:/usr/local/bin:/usr/local/lib/node_modules/npm/bin/node-gyp-bin:/Users/jyotirmaysenapati/POCs/myblog/UI/node_modules/.bin:/usr/local/bin:/usr/bin/php/export/bin:/usr/local/hadoop/bin:/Users/jyotirmaysenapati/bin/mongodb/bin:/Library/Frameworks/Python.framework/Versions/3.5/bin:/usr/local/bin:/usr/bin:/bin:/usr/sbin:/sbin:/opt/X11/bin
10 verbose lifecycle myblog@0.0.1~lite: CWD: /Users/jyotirmaysenapati/POCs/myblog/UI
11 silly lifecycle myblog@0.0.1~lite: Args: [ '-c', 'lite-server' ]
12 silly lifecycle myblog@0.0.1~lite: Returned: code: 1  signal: null
13 info lifecycle myblog@0.0.1~lite: Failed to exec lite script
14 verbose stack Error: myblog@0.0.1 lite: `lite-server`
14 verbose stack Exit status 1
14 verbose stack     at EventEmitter.<anonymous> (/usr/local/lib/node_modules/npm/lib/utils/lifecycle.js:242:16)
14 verbose stack     at emitTwo (events.js:106:13)
14 verbose stack     at EventEmitter.emit (events.js:191:7)
14 verbose stack     at ChildProcess.<anonymous> (/usr/local/lib/node_modules/npm/lib/utils/spawn.js:40:14)
14 verbose stack     at emitTwo (events.js:106:13)
14 verbose stack     at ChildProcess.emit (events.js:191:7)
14 verbose stack     at maybeClose (internal/child_process.js:877:16)
14 verbose stack     at Process.ChildProcess._handle.onexit (internal/child_process.js:226:5)
15 verbose pkgid myblog@0.0.1
16 verbose cwd /Users/jyotirmaysenapati/POCs/myblog/UI
17 error Darwin 16.1.0
18 error argv "/usr/local/bin/node" "/usr/local/bin/npm" "run" "lite"
19 error node v6.6.0
20 error npm  v3.10.3
21 error code ELIFECYCLE
22 error myblog@0.0.1 lite: `lite-server`
22 error Exit status 1
23 error Failed at the myblog@0.0.1 lite script 'lite-server'.
23 error Make sure you have the latest version of node.js and npm installed.
23 error If you do, this is most likely a problem with the myblog package,
23 error not with npm itself.
23 error Tell the author that this fails on your system:
23 error     lite-server
23 error You can get information on how to open an issue for this project with:
23 error     npm bugs myblog
23 error Or if that isn't available, you can get their info via:
23 error     npm owner ls myblog
23 error There is likely additional logging output above.
24 verbose exit [ 1, true ]
